2024-02-04 14:13:37,637 INFO: Sharewarez startup [in c:\scripts\sharewarez\modules\__init__.py:37]
2024-02-04 14:13:38,195 INFO: Sharewarez startup [in c:\scripts\sharewarez\modules\__init__.py:37]
2024-02-04 14:13:48,617 INFO: Attempting to delete image file: c:\scripts\sharewarez\modules\static\images\96dd5e21-e6c9-40d5-a03d-7425482129f1_cover_94883.jpg [in c:\scripts\sharewarez\modules\routes.py:854]
2024-02-04 14:13:48,618 WARNING: Image file not found: c:\scripts\sharewarez\modules\static\images\96dd5e21-e6c9-40d5-a03d-7425482129f1_cover_94883.jpg [in c:\scripts\sharewarez\modules\routes.py:860]
2024-02-04 14:13:48,618 INFO: Attempting to delete image file: c:\scripts\sharewarez\modules\static\images\96dd5e21-e6c9-40d5-a03d-7425482129f1_9419.jpg [in c:\scripts\sharewarez\modules\routes.py:854]
2024-02-04 14:13:48,618 WARNING: Image file not found: c:\scripts\sharewarez\modules\static\images\96dd5e21-e6c9-40d5-a03d-7425482129f1_9419.jpg [in c:\scripts\sharewarez\modules\routes.py:860]
2024-02-04 14:13:48,619 INFO: Attempting to delete image file: c:\scripts\sharewarez\modules\static\images\96dd5e21-e6c9-40d5-a03d-7425482129f1_9420.jpg [in c:\scripts\sharewarez\modules\routes.py:854]
2024-02-04 14:13:48,619 WARNING: Image file not found: c:\scripts\sharewarez\modules\static\images\96dd5e21-e6c9-40d5-a03d-7425482129f1_9420.jpg [in c:\scripts\sharewarez\modules\routes.py:860]
2024-02-04 14:13:48,619 INFO: Attempting to delete image file: c:\scripts\sharewarez\modules\static\images\96dd5e21-e6c9-40d5-a03d-7425482129f1_9421.jpg [in c:\scripts\sharewarez\modules\routes.py:854]
2024-02-04 14:13:48,620 WARNING: Image file not found: c:\scripts\sharewarez\modules\static\images\96dd5e21-e6c9-40d5-a03d-7425482129f1_9421.jpg [in c:\scripts\sharewarez\modules\routes.py:860]
2024-02-04 14:13:48,620 INFO: Attempting to delete image file: c:\scripts\sharewarez\modules\static\images\96dd5e21-e6c9-40d5-a03d-7425482129f1_156907.jpg [in c:\scripts\sharewarez\modules\routes.py:854]
2024-02-04 14:13:48,620 WARNING: Image file not found: c:\scripts\sharewarez\modules\static\images\96dd5e21-e6c9-40d5-a03d-7425482129f1_156907.jpg [in c:\scripts\sharewarez\modules\routes.py:860]
2024-02-04 14:13:48,621 INFO: Attempting to delete image file: c:\scripts\sharewarez\modules\static\images\96dd5e21-e6c9-40d5-a03d-7425482129f1_156908.jpg [in c:\scripts\sharewarez\modules\routes.py:854]
2024-02-04 14:13:48,621 WARNING: Image file not found: c:\scripts\sharewarez\modules\static\images\96dd5e21-e6c9-40d5-a03d-7425482129f1_156908.jpg [in c:\scripts\sharewarez\modules\routes.py:860]
2024-02-04 14:13:48,621 INFO: Attempting to delete image file: c:\scripts\sharewarez\modules\static\images\96dd5e21-e6c9-40d5-a03d-7425482129f1_156909.jpg [in c:\scripts\sharewarez\modules\routes.py:854]
2024-02-04 14:13:48,621 WARNING: Image file not found: c:\scripts\sharewarez\modules\static\images\96dd5e21-e6c9-40d5-a03d-7425482129f1_156909.jpg [in c:\scripts\sharewarez\modules\routes.py:860]
2024-02-04 14:13:48,622 INFO: Attempting to delete image file: c:\scripts\sharewarez\modules\static\images\96dd5e21-e6c9-40d5-a03d-7425482129f1_156910.jpg [in c:\scripts\sharewarez\modules\routes.py:854]
2024-02-04 14:13:48,622 WARNING: Image file not found: c:\scripts\sharewarez\modules\static\images\96dd5e21-e6c9-40d5-a03d-7425482129f1_156910.jpg [in c:\scripts\sharewarez\modules\routes.py:860]
2024-02-04 14:13:48,622 INFO: Attempting to delete image file: c:\scripts\sharewarez\modules\static\images\96dd5e21-e6c9-40d5-a03d-7425482129f1_156911.jpg [in c:\scripts\sharewarez\modules\routes.py:854]
2024-02-04 14:13:48,623 WARNING: Image file not found: c:\scripts\sharewarez\modules\static\images\96dd5e21-e6c9-40d5-a03d-7425482129f1_156911.jpg [in c:\scripts\sharewarez\modules\routes.py:860]
2024-02-04 14:13:48,623 INFO: Attempting to delete image file: c:\scripts\sharewarez\modules\static\images\96dd5e21-e6c9-40d5-a03d-7425482129f1_156912.jpg [in c:\scripts\sharewarez\modules\routes.py:854]
2024-02-04 14:13:48,623 WARNING: Image file not found: c:\scripts\sharewarez\modules\static\images\96dd5e21-e6c9-40d5-a03d-7425482129f1_156912.jpg [in c:\scripts\sharewarez\modules\routes.py:860]
2024-02-04 14:13:48,624 INFO: Attempting to delete image file: c:\scripts\sharewarez\modules\static\images\96dd5e21-e6c9-40d5-a03d-7425482129f1_156913.jpg [in c:\scripts\sharewarez\modules\routes.py:854]
2024-02-04 14:13:48,624 WARNING: Image file not found: c:\scripts\sharewarez\modules\static\images\96dd5e21-e6c9-40d5-a03d-7425482129f1_156913.jpg [in c:\scripts\sharewarez\modules\routes.py:860]
2024-02-04 14:13:48,624 INFO: Attempting to delete image file: c:\scripts\sharewarez\modules\static\images\96dd5e21-e6c9-40d5-a03d-7425482129f1_156914.jpg [in c:\scripts\sharewarez\modules\routes.py:854]
2024-02-04 14:13:48,625 WARNING: Image file not found: c:\scripts\sharewarez\modules\static\images\96dd5e21-e6c9-40d5-a03d-7425482129f1_156914.jpg [in c:\scripts\sharewarez\modules\routes.py:860]
2024-02-04 14:18:26,411 INFO: Sharewarez startup [in c:\scripts\sharewarez\modules\__init__.py:37]
2024-02-04 14:18:55,086 INFO: Sharewarez startup [in c:\scripts\sharewarez\modules\__init__.py:37]
2024-02-04 14:19:49,262 INFO: Sharewarez startup [in c:\scripts\sharewarez\modules\__init__.py:37]
2024-02-04 14:19:49,830 INFO: Sharewarez startup [in c:\scripts\sharewarez\modules\__init__.py:37]
2024-02-04 14:22:25,729 INFO: Sharewarez startup [in c:\scripts\sharewarez\modules\__init__.py:37]
2024-02-04 14:22:31,505 INFO: Sharewarez startup [in c:\scripts\sharewarez\modules\__init__.py:37]
2024-02-04 14:22:32,065 INFO: Sharewarez startup [in c:\scripts\sharewarez\modules\__init__.py:37]
2024-02-04 14:23:00,663 INFO: Sharewarez startup [in c:\scripts\sharewarez\modules\__init__.py:37]
2024-02-04 14:23:18,931 INFO: Sharewarez startup [in c:\scripts\sharewarez\modules\__init__.py:37]
2024-02-04 14:23:32,162 INFO: Sharewarez startup [in c:\scripts\sharewarez\modules\__init__.py:37]
2024-02-04 14:23:39,756 INFO: Sharewarez startup [in c:\scripts\sharewarez\modules\__init__.py:37]
2024-02-04 14:23:40,312 INFO: Sharewarez startup [in c:\scripts\sharewarez\modules\__init__.py:37]
2024-02-04 14:24:27,547 INFO: Sharewarez startup [in c:\scripts\sharewarez\modules\__init__.py:37]
2024-02-04 14:25:52,077 INFO: Sharewarez startup [in c:\scripts\sharewarez\modules\__init__.py:37]
2024-02-04 14:26:07,296 INFO: Sharewarez startup [in c:\scripts\sharewarez\modules\__init__.py:37]
2024-02-04 14:26:17,295 INFO: Sharewarez startup [in c:\scripts\sharewarez\modules\__init__.py:37]
2024-02-04 14:29:04,628 INFO: Sharewarez startup [in c:\scripts\sharewarez\modules\__init__.py:37]
2024-02-04 14:29:07,398 INFO: Sharewarez startup [in c:\scripts\sharewarez\modules\__init__.py:37]
2024-02-04 14:29:13,262 INFO: Sharewarez startup [in c:\scripts\sharewarez\modules\__init__.py:37]
2024-02-04 14:29:16,024 INFO: Sharewarez startup [in c:\scripts\sharewarez\modules\__init__.py:37]
2024-02-04 14:29:31,199 INFO: Sharewarez startup [in c:\scripts\sharewarez\modules\__init__.py:37]
2024-02-04 14:30:01,888 INFO: Sharewarez startup [in c:\scripts\sharewarez\modules\__init__.py:37]
2024-02-04 14:43:51,177 INFO: Sharewarez startup [in c:\scripts\sharewarez\modules\__init__.py:37]
2024-02-04 14:43:53,986 INFO: Sharewarez startup [in c:\scripts\sharewarez\modules\__init__.py:37]
2024-02-04 14:44:02,957 INFO: Sharewarez startup [in c:\scripts\sharewarez\modules\__init__.py:37]
2024-02-04 14:44:34,700 INFO: Sharewarez startup [in c:\scripts\sharewarez\modules\__init__.py:37]
2024-02-04 14:44:37,468 INFO: Sharewarez startup [in c:\scripts\sharewarez\modules\__init__.py:37]
2024-02-04 14:44:39,203 INFO: Sharewarez startup [in c:\scripts\sharewarez\modules\__init__.py:37]
