2024-02-04 00:13:59,988 INFO: Sharewarez startup [in c:\scripts\sharewarez\modules\__init__.py:37]
2024-02-04 00:14:00,588 INFO: Sharewarez startup [in c:\scripts\sharewarez\modules\__init__.py:37]
2024-02-04 00:16:09,001 INFO: Attempting to delete image file: c:\scripts\sharewarez\modules\static\images\static\images\565a0331-e86a-4fc6-9d8b-43746cba9ca2_cover_161331.jpg [in c:\scripts\sharewarez\modules\routes.py:826]
2024-02-04 00:16:09,002 WARNING: Image file not found: c:\scripts\sharewarez\modules\static\images\static\images\565a0331-e86a-4fc6-9d8b-43746cba9ca2_cover_161331.jpg [in c:\scripts\sharewarez\modules\routes.py:832]
2024-02-04 00:16:09,002 INFO: Attempting to delete image file: c:\scripts\sharewarez\modules\static\images\static\images\565a0331-e86a-4fc6-9d8b-43746cba9ca2_307059.jpg [in c:\scripts\sharewarez\modules\routes.py:826]
2024-02-04 00:16:09,003 WARNING: Image file not found: c:\scripts\sharewarez\modules\static\images\static\images\565a0331-e86a-4fc6-9d8b-43746cba9ca2_307059.jpg [in c:\scripts\sharewarez\modules\routes.py:832]
2024-02-04 00:16:09,003 INFO: Attempting to delete image file: c:\scripts\sharewarez\modules\static\images\static\images\565a0331-e86a-4fc6-9d8b-43746cba9ca2_307060.jpg [in c:\scripts\sharewarez\modules\routes.py:826]
2024-02-04 00:16:09,003 WARNING: Image file not found: c:\scripts\sharewarez\modules\static\images\static\images\565a0331-e86a-4fc6-9d8b-43746cba9ca2_307060.jpg [in c:\scripts\sharewarez\modules\routes.py:832]
2024-02-04 00:16:09,004 INFO: Attempting to delete image file: c:\scripts\sharewarez\modules\static\images\static\images\565a0331-e86a-4fc6-9d8b-43746cba9ca2_307061.jpg [in c:\scripts\sharewarez\modules\routes.py:826]
2024-02-04 00:16:09,004 WARNING: Image file not found: c:\scripts\sharewarez\modules\static\images\static\images\565a0331-e86a-4fc6-9d8b-43746cba9ca2_307061.jpg [in c:\scripts\sharewarez\modules\routes.py:832]
2024-02-04 00:20:29,867 INFO: Sharewarez startup [in c:\scripts\sharewarez\modules\__init__.py:37]
2024-02-04 00:20:36,234 INFO: Attempting to delete image file: c:\scripts\sharewarez\modules\static\images\static\images\36cbc0c0-e6c5-47f0-b41b-920a956cc32f_cover_91158.jpg [in c:\scripts\sharewarez\modules\routes.py:826]
2024-02-04 00:20:36,235 WARNING: Image file not found: c:\scripts\sharewarez\modules\static\images\static\images\36cbc0c0-e6c5-47f0-b41b-920a956cc32f_cover_91158.jpg [in c:\scripts\sharewarez\modules\routes.py:832]
2024-02-04 00:20:36,235 INFO: Attempting to delete image file: c:\scripts\sharewarez\modules\static\images\static\images\36cbc0c0-e6c5-47f0-b41b-920a956cc32f_11187.jpg [in c:\scripts\sharewarez\modules\routes.py:826]
2024-02-04 00:20:36,235 WARNING: Image file not found: c:\scripts\sharewarez\modules\static\images\static\images\36cbc0c0-e6c5-47f0-b41b-920a956cc32f_11187.jpg [in c:\scripts\sharewarez\modules\routes.py:832]
2024-02-04 00:20:36,236 INFO: Attempting to delete image file: c:\scripts\sharewarez\modules\static\images\static\images\36cbc0c0-e6c5-47f0-b41b-920a956cc32f_11188.jpg [in c:\scripts\sharewarez\modules\routes.py:826]
2024-02-04 00:20:36,236 WARNING: Image file not found: c:\scripts\sharewarez\modules\static\images\static\images\36cbc0c0-e6c5-47f0-b41b-920a956cc32f_11188.jpg [in c:\scripts\sharewarez\modules\routes.py:832]
2024-02-04 00:20:36,237 INFO: Attempting to delete image file: c:\scripts\sharewarez\modules\static\images\static\images\36cbc0c0-e6c5-47f0-b41b-920a956cc32f_11189.jpg [in c:\scripts\sharewarez\modules\routes.py:826]
2024-02-04 00:20:36,237 WARNING: Image file not found: c:\scripts\sharewarez\modules\static\images\static\images\36cbc0c0-e6c5-47f0-b41b-920a956cc32f_11189.jpg [in c:\scripts\sharewarez\modules\routes.py:832]
2024-02-04 00:20:36,237 INFO: Attempting to delete image file: c:\scripts\sharewarez\modules\static\images\static\images\36cbc0c0-e6c5-47f0-b41b-920a956cc32f_11190.jpg [in c:\scripts\sharewarez\modules\routes.py:826]
2024-02-04 00:20:36,238 WARNING: Image file not found: c:\scripts\sharewarez\modules\static\images\static\images\36cbc0c0-e6c5-47f0-b41b-920a956cc32f_11190.jpg [in c:\scripts\sharewarez\modules\routes.py:832]
2024-02-04 00:20:36,238 INFO: Attempting to delete image file: c:\scripts\sharewarez\modules\static\images\static\images\36cbc0c0-e6c5-47f0-b41b-920a956cc32f_16344.jpg [in c:\scripts\sharewarez\modules\routes.py:826]
2024-02-04 00:20:36,238 WARNING: Image file not found: c:\scripts\sharewarez\modules\static\images\static\images\36cbc0c0-e6c5-47f0-b41b-920a956cc32f_16344.jpg [in c:\scripts\sharewarez\modules\routes.py:832]
2024-02-04 00:20:38,124 INFO: Attempting to delete image file: c:\scripts\sharewarez\modules\static\images\static\images\1854cb71-386e-4fc4-a607-8455e596719b_cover_196544.jpg [in c:\scripts\sharewarez\modules\routes.py:826]
2024-02-04 00:20:38,124 WARNING: Image file not found: c:\scripts\sharewarez\modules\static\images\static\images\1854cb71-386e-4fc4-a607-8455e596719b_cover_196544.jpg [in c:\scripts\sharewarez\modules\routes.py:832]
2024-02-04 00:20:38,125 INFO: Attempting to delete image file: c:\scripts\sharewarez\modules\static\images\static\images\1854cb71-386e-4fc4-a607-8455e596719b_676804.jpg [in c:\scripts\sharewarez\modules\routes.py:826]
2024-02-04 00:20:38,125 WARNING: Image file not found: c:\scripts\sharewarez\modules\static\images\static\images\1854cb71-386e-4fc4-a607-8455e596719b_676804.jpg [in c:\scripts\sharewarez\modules\routes.py:832]
2024-02-04 00:20:38,126 INFO: Attempting to delete image file: c:\scripts\sharewarez\modules\static\images\static\images\1854cb71-386e-4fc4-a607-8455e596719b_676805.jpg [in c:\scripts\sharewarez\modules\routes.py:826]
2024-02-04 00:20:38,126 WARNING: Image file not found: c:\scripts\sharewarez\modules\static\images\static\images\1854cb71-386e-4fc4-a607-8455e596719b_676805.jpg [in c:\scripts\sharewarez\modules\routes.py:832]
2024-02-04 00:20:38,126 INFO: Attempting to delete image file: c:\scripts\sharewarez\modules\static\images\static\images\1854cb71-386e-4fc4-a607-8455e596719b_676806.jpg [in c:\scripts\sharewarez\modules\routes.py:826]
2024-02-04 00:20:38,127 WARNING: Image file not found: c:\scripts\sharewarez\modules\static\images\static\images\1854cb71-386e-4fc4-a607-8455e596719b_676806.jpg [in c:\scripts\sharewarez\modules\routes.py:832]
2024-02-04 00:20:39,645 INFO: Attempting to delete image file: c:\scripts\sharewarez\modules\static\images\static\images\b575ee20-78be-4a6c-a23a-0c0565024718_cover_94883.jpg [in c:\scripts\sharewarez\modules\routes.py:826]
2024-02-04 00:20:39,646 WARNING: Image file not found: c:\scripts\sharewarez\modules\static\images\static\images\b575ee20-78be-4a6c-a23a-0c0565024718_cover_94883.jpg [in c:\scripts\sharewarez\modules\routes.py:832]
2024-02-04 00:20:39,646 INFO: Attempting to delete image file: c:\scripts\sharewarez\modules\static\images\static\images\b575ee20-78be-4a6c-a23a-0c0565024718_9419.jpg [in c:\scripts\sharewarez\modules\routes.py:826]
2024-02-04 00:20:39,647 WARNING: Image file not found: c:\scripts\sharewarez\modules\static\images\static\images\b575ee20-78be-4a6c-a23a-0c0565024718_9419.jpg [in c:\scripts\sharewarez\modules\routes.py:832]
2024-02-04 00:20:39,647 INFO: Attempting to delete image file: c:\scripts\sharewarez\modules\static\images\static\images\b575ee20-78be-4a6c-a23a-0c0565024718_9420.jpg [in c:\scripts\sharewarez\modules\routes.py:826]
2024-02-04 00:20:39,648 WARNING: Image file not found: c:\scripts\sharewarez\modules\static\images\static\images\b575ee20-78be-4a6c-a23a-0c0565024718_9420.jpg [in c:\scripts\sharewarez\modules\routes.py:832]
2024-02-04 00:20:39,648 INFO: Attempting to delete image file: c:\scripts\sharewarez\modules\static\images\static\images\b575ee20-78be-4a6c-a23a-0c0565024718_9421.jpg [in c:\scripts\sharewarez\modules\routes.py:826]
2024-02-04 00:20:39,648 WARNING: Image file not found: c:\scripts\sharewarez\modules\static\images\static\images\b575ee20-78be-4a6c-a23a-0c0565024718_9421.jpg [in c:\scripts\sharewarez\modules\routes.py:832]
2024-02-04 00:20:39,649 INFO: Attempting to delete image file: c:\scripts\sharewarez\modules\static\images\static\images\b575ee20-78be-4a6c-a23a-0c0565024718_156907.jpg [in c:\scripts\sharewarez\modules\routes.py:826]
2024-02-04 00:20:39,649 WARNING: Image file not found: c:\scripts\sharewarez\modules\static\images\static\images\b575ee20-78be-4a6c-a23a-0c0565024718_156907.jpg [in c:\scripts\sharewarez\modules\routes.py:832]
2024-02-04 00:20:39,650 INFO: Attempting to delete image file: c:\scripts\sharewarez\modules\static\images\static\images\b575ee20-78be-4a6c-a23a-0c0565024718_156908.jpg [in c:\scripts\sharewarez\modules\routes.py:826]
2024-02-04 00:20:39,650 WARNING: Image file not found: c:\scripts\sharewarez\modules\static\images\static\images\b575ee20-78be-4a6c-a23a-0c0565024718_156908.jpg [in c:\scripts\sharewarez\modules\routes.py:832]
2024-02-04 00:20:39,650 INFO: Attempting to delete image file: c:\scripts\sharewarez\modules\static\images\static\images\b575ee20-78be-4a6c-a23a-0c0565024718_156909.jpg [in c:\scripts\sharewarez\modules\routes.py:826]
2024-02-04 00:20:39,651 WARNING: Image file not found: c:\scripts\sharewarez\modules\static\images\static\images\b575ee20-78be-4a6c-a23a-0c0565024718_156909.jpg [in c:\scripts\sharewarez\modules\routes.py:832]
2024-02-04 00:20:39,651 INFO: Attempting to delete image file: c:\scripts\sharewarez\modules\static\images\static\images\b575ee20-78be-4a6c-a23a-0c0565024718_156910.jpg [in c:\scripts\sharewarez\modules\routes.py:826]
2024-02-04 00:20:39,651 WARNING: Image file not found: c:\scripts\sharewarez\modules\static\images\static\images\b575ee20-78be-4a6c-a23a-0c0565024718_156910.jpg [in c:\scripts\sharewarez\modules\routes.py:832]
2024-02-04 00:20:39,651 INFO: Attempting to delete image file: c:\scripts\sharewarez\modules\static\images\static\images\b575ee20-78be-4a6c-a23a-0c0565024718_156911.jpg [in c:\scripts\sharewarez\modules\routes.py:826]
2024-02-04 00:20:39,653 WARNING: Image file not found: c:\scripts\sharewarez\modules\static\images\static\images\b575ee20-78be-4a6c-a23a-0c0565024718_156911.jpg [in c:\scripts\sharewarez\modules\routes.py:832]
